<?xml version="1.0" encoding="UTF-8"?>
<!-- Generated by org.testng.reporters.JUnitReportReporter -->
<testsuite skipped="0" hostname="Pranathi-PC" name="TestCases.Valid_LoginTest" tests="1" failures="0" timestamp="03 Mar 2022 06:44:50 GMT" time="51.011" errors="0">
  <testcase name="validLoginTest" time="51.011" classname="TestCases.Valid_LoginTest"/>
</testsuite> <!-- TestCases.Valid_LoginTest -->
